#
# A fatal error has been detected by the Java Runtime Environment:
#
#  Internal Error (./open/src/hotspot/share/opto/node.cpp:2257), pid=7336, tid=9188
#  Error: ShouldNotCall()
#
# JRE version: Java(TM) SE Runtime Environment 18.9 (11.0.13+10) (build 11.0.13+10-LTS-370)
# Java VM: Java HotSpot(TM) 64-Bit Server VM 18.9 (11.0.13+10-LTS-370, mixed mode, tiered, compressed oops, g1 gc, windows-amd64)
# No core dump will be written. Minidumps are not enabled by default on client versions of Windows
#
# If you would like to submit a bug report, please visit:
#   https://bugreport.java.com/bugreport/crash.jsp
#

---------------  S U M M A R Y ------------

Command Line: -ea -Dfile.encoding=Cp1252 org.eclipse.jdt.internal.junit.runner.RemoteTestRunner -version 3 -port 52491 -testLoaderClass org.eclipse.jdt.internal.junit4.runner.JUnit4TestLoader -loaderpluginname org.eclipse.jdt.junit4.runtime -classNames runner.ExecutaTeste

Host: Pentium(R) Dual-Core CPU       T4200  @ 2.00GHz, 2 cores, 3G,  Windows 10 , 64 bit Build 19041 (10.0.19041.3636)
Time: Sun Nov 26 11:53:01 2023 Hora oficial do Brasil elapsed time: 2.601579 seconds (0d 0h 0m 2s)

---------------  T H R E A D  ---------------

Current thread (0x0000018067ffb000):  JavaThread "C2 CompilerThread0" daemon [_thread_in_native, id=9188, stack(0x00000060c5300000,0x00000060c5400000)]


Current CompileTask:
C2:   2601  852   !   4       jdk.internal.loader.URLClassPath$JarLoader::getResource (65 bytes)

Stack: [0x00000060c5300000,0x00000060c5400000]
Native frames: (J=compiled Java code, j=interpreted, Vv=VM code, C=native code)
V  [jvm.dll+0x62870a]
V  [jvm.dll+0x761f2f]
V  [jvm.dll+0x7635d9]
V  [jvm.dll+0x763c17]
V  [jvm.dll+0x23d6ac]
V  [jvm.dll+0x23d5e3]
V  [jvm.dll+0x609b65]
V  [jvm.dll+0x18f5dc]
V  [jvm.dll+0x30e57a]
V  [jvm.dll+0x30d94a]
V  [jvm.dll+0x1f8255]
V  [jvm.dll+0x1f743d]
V  [jvm.dll+0x177991]
V  [jvm.dll+0x206d84]
V  [jvm.dll+0x204ebb]
V  [jvm.dll+0x727e70]
V  [jvm.dll+0x720a54]
V  [jvm.dll+0x627606]
C  [ucrtbase.dll+0x21bb2]
C  [KERNEL32.DLL+0x17344]
C  [ntdll.dll+0x526b1]


---------------  P R O C E S S  ---------------

Threads class SMR info:
_java_thread_list=0x00000180686ffcb0, length=11, elements={
0x000001804ac51800, 0x0000018067fdd800, 0x0000018067fe7800, 0x000001806804c800,
0x000001806804d800, 0x0000018068051000, 0x0000018067ffb000, 0x0000018067ffd000,
0x0000018068001000, 0x00000180682d1800, 0x00000180686ba800
}

Java Threads: ( => current thread )
  0x000001804ac51800 JavaThread "main" [_thread_in_native, id=9020, stack(0x00000060c4700000,0x00000060c4800000)]
  0x0000018067fdd800 JavaThread "Reference Handler" daemon [_thread_blocked, id=9860, stack(0x00000060c4e00000,0x00000060c4f00000)]
  0x0000018067fe7800 JavaThread "Finalizer" daemon [_thread_blocked, id=8600, stack(0x00000060c4f00000,0x00000060c5000000)]
  0x000001806804c800 JavaThread "Signal Dispatcher" daemon [_thread_blocked, id=3736, stack(0x00000060c5000000,0x00000060c5100000)]
  0x000001806804d800 JavaThread "Attach Listener" daemon [_thread_blocked, id=1504, stack(0x00000060c5100000,0x00000060c5200000)]
  0x0000018068051000 JavaThread "Service Thread" daemon [_thread_blocked, id=9424, stack(0x00000060c5200000,0x00000060c5300000)]
=>0x0000018067ffb000 JavaThread "C2 CompilerThread0" daemon [_thread_in_native, id=9188, stack(0x00000060c5300000,0x00000060c5400000)]
  0x0000018067ffd000 JavaThread "C1 CompilerThread0" daemon [_thread_blocked, id=6208, stack(0x00000060c5400000,0x00000060c5500000)]
  0x0000018068001000 JavaThread "Sweeper thread" daemon [_thread_blocked, id=8304, stack(0x00000060c5500000,0x00000060c5600000)]
  0x00000180682d1800 JavaThread "Common-Cleaner" daemon [_thread_blocked, id=9668, stack(0x00000060c5700000,0x00000060c5800000)]
  0x00000180686ba800 JavaThread "ReaderThread" [_thread_in_native, id=5480, stack(0x00000060c5800000,0x00000060c5900000)]

Other Threads:
  0x0000018067fbb800 VMThread "VM Thread" [stack: 0x00000060c4d00000,0x00000060c4e00000] [id=8240]
  0x00000180682cc800 WatcherThread [stack: 0x00000060c5600000,0x00000060c5700000] [id=852]
  0x000001804ac67000 GCTaskThread "GC Thread#0" [stack: 0x00000060c4800000,0x00000060c4900000] [id=3908]
  0x000001806837a800 GCTaskThread "GC Thread#1" [stack: 0x00000060c5900000,0x00000060c5a00000] [id=6492]
  0x000001804ac80800 ConcurrentGCThread "G1 Main Marker" [stack: 0x00000060c4900000,0x00000060c4a00000] [id=10028]
  0x000001804ac82800 ConcurrentGCThread "G1 Conc#0" [stack: 0x00000060c4a00000,0x00000060c4b00000] [id=8068]
  0x000001804acd1800 ConcurrentGCThread "G1 Refine#0" [stack: 0x00000060c4b00000,0x00000060c4c00000] [id=7060]
  0x000001804acd3800 ConcurrentGCThread "G1 Young RemSet Sampling" [stack: 0x00000060c4c00000,0x00000060c4d00000] [id=1712]

Threads with active compile tasks:
C2 CompilerThread0   2752  852   !   4       jdk.internal.loader.URLClassPath$JarLoader::getResource (65 bytes)

VM state:not at safepoint (normal execution)

VM Mutex/Monitor currently owned by a thread: None

Heap address: 0x00000000c0800000, size: 1016 MB, Compressed Oops mode: 32-bit
Narrow klass base: 0x0000000000000000, Narrow klass shift: 3
Compressed class space size: 1073741824 Address: 0x0000000100000000

Heap:
 garbage-first heap   total 65536K, used 12363K [0x00000000c0800000, 0x0000000100000000)
  region size 1024K, 11 young (11264K), 1 survivors (1024K)
 Metaspace       used 10458K, capacity 10646K, committed 10880K, reserved 1058816K
  class space    used 1070K, capacity 1138K, committed 1152K, reserved 1048576K
Heap Regions: E=young(eden), S=young(survivor), O=old, HS=humongous(starts), HC=humongous(continues), CS=collection set, F=free, A=archive, TAMS=top-at-mark-start (previous, next)
|   0|0x00000000c0800000, 0x00000000c0900000, 0x00000000c0900000|100%| O|  |TAMS 0x00000000c0800000, 0x00000000c0800000| Untracked 
|   1|0x00000000c0900000, 0x00000000c0a00000, 0x00000000c0a00000|100%| O|  |TAMS 0x00000000c0900000, 0x00000000c0900000| Untracked 
|   2|0x00000000c0a00000, 0x00000000c0aca000, 0x00000000c0b00000| 78%| O|  |TAMS 0x00000000c0a00000, 0x00000000c0a00000| Untracked 
|   3|0x00000000c0b00000, 0x00000000c0b00000, 0x00000000c0c00000|  0%| F|  |TAMS 0x00000000c0b00000, 0x00000000c0b00000| Untracked 
|   4|0x00000000c0c00000, 0x00000000c0c00000, 0x00000000c0d00000|  0%| F|  |TAMS 0x00000000c0c00000, 0x00000000c0c00000| Untracked 
|   5|0x00000000c0d00000, 0x00000000c0d00000, 0x00000000c0e00000|  0%| F|  |TAMS 0x00000000c0d00000, 0x00000000c0d00000| Untracked 
|   6|0x00000000c0e00000, 0x00000000c0e00000, 0x00000000c0f00000|  0%| F|  |TAMS 0x00000000c0e00000, 0x00000000c0e00000| Untracked 
|   7|0x00000000c0f00000, 0x00000000c0f00000, 0x00000000c1000000|  0%| F|  |TAMS 0x00000000c0f00000, 0x00000000c0f00000| Untracked 
|   8|0x00000000c1000000, 0x00000000c1000000, 0x00000000c1100000|  0%| F|  |TAMS 0x00000000c1000000, 0x00000000c1000000| Untracked 
|   9|0x00000000c1100000, 0x00000000c1100000, 0x00000000c1200000|  0%| F|  |TAMS 0x00000000c1100000, 0x00000000c1100000| Untracked 
|  10|0x00000000c1200000, 0x00000000c1200000, 0x00000000c1300000|  0%| F|  |TAMS 0x00000000c1200000, 0x00000000c1200000| Untracked 
|  11|0x00000000c1300000, 0x00000000c1300000, 0x00000000c1400000|  0%| F|  |TAMS 0x00000000c1300000, 0x00000000c1300000| Untracked 
|  12|0x00000000c1400000, 0x00000000c1400000, 0x00000000c1500000|  0%| F|  |TAMS 0x00000000c1400000, 0x00000000c1400000| Untracked 
|  13|0x00000000c1500000, 0x00000000c1500000, 0x00000000c1600000|  0%| F|  |TAMS 0x00000000c1500000, 0x00000000c1500000| Untracked 
|  14|0x00000000c1600000, 0x00000000c1600000, 0x00000000c1700000|  0%| F|  |TAMS 0x00000000c1600000, 0x00000000c1600000| Untracked 
|  15|0x00000000c1700000, 0x00000000c1700000, 0x00000000c1800000|  0%| F|  |TAMS 0x00000000c1700000, 0x00000000c1700000| Untracked 
|  16|0x00000000c1800000, 0x00000000c1800000, 0x00000000c1900000|  0%| F|  |TAMS 0x00000000c1800000, 0x00000000c1800000| Untracked 
|  17|0x00000000c1900000, 0x00000000c1900000, 0x00000000c1a00000|  0%| F|  |TAMS 0x00000000c1900000, 0x00000000c1900000| Untracked 
|  18|0x00000000c1a00000, 0x00000000c1a00000, 0x00000000c1b00000|  0%| F|  |TAMS 0x00000000c1a00000, 0x00000000c1a00000| Untracked 
|  19|0x00000000c1b00000, 0x00000000c1b00000, 0x00000000c1c00000|  0%| F|  |TAMS 0x00000000c1b00000, 0x00000000c1b00000| Untracked 
|  20|0x00000000c1c00000, 0x00000000c1c00000, 0x00000000c1d00000|  0%| F|  |TAMS 0x00000000c1c00000, 0x00000000c1c00000| Untracked 
|  21|0x00000000c1d00000, 0x00000000c1d00000, 0x00000000c1e00000|  0%| F|  |TAMS 0x00000000c1d00000, 0x00000000c1d00000| Untracked 
|  22|0x00000000c1e00000, 0x00000000c1e00000, 0x00000000c1f00000|  0%| F|  |TAMS 0x00000000c1e00000, 0x00000000c1e00000| Untracked 
|  23|0x00000000c1f00000, 0x00000000c1f00000, 0x00000000c2000000|  0%| F|  |TAMS 0x00000000c1f00000, 0x00000000c1f00000| Untracked 
|  24|0x00000000c2000000, 0x00000000c2000000, 0x00000000c2100000|  0%| F|  |TAMS 0x00000000c2000000, 0x00000000c2000000| Untracked 
|  25|0x00000000c2100000, 0x00000000c2100000, 0x00000000c2200000|  0%| F|  |TAMS 0x00000000c2100000, 0x00000000c2100000| Untracked 
|  26|0x00000000c2200000, 0x00000000c2200000, 0x00000000c2300000|  0%| F|  |TAMS 0x00000000c2200000, 0x00000000c2200000| Untracked 
|  27|0x00000000c2300000, 0x00000000c2300000, 0x00000000c2400000|  0%| F|  |TAMS 0x00000000c2300000, 0x00000000c2300000| Untracked 
|  28|0x00000000c2400000, 0x00000000c2400000, 0x00000000c2500000|  0%| F|  |TAMS 0x00000000c2400000, 0x00000000c2400000| Untracked 
|  29|0x00000000c2500000, 0x00000000c2500000, 0x00000000c2600000|  0%| F|  |TAMS 0x00000000c2500000, 0x00000000c2500000| Untracked 
|  30|0x00000000c2600000, 0x00000000c2600000, 0x00000000c2700000|  0%| F|  |TAMS 0x00000000c2600000, 0x00000000c2600000| Untracked 
|  31|0x00000000c2700000, 0x00000000c2700000, 0x00000000c2800000|  0%| F|  |TAMS 0x00000000c2700000, 0x00000000c2700000| Untracked 
|  32|0x00000000c2800000, 0x00000000c2800000, 0x00000000c2900000|  0%| F|  |TAMS 0x00000000c2800000, 0x00000000c2800000| Untracked 
|  33|0x00000000c2900000, 0x00000000c2900000, 0x00000000c2a00000|  0%| F|  |TAMS 0x00000000c2900000, 0x00000000c2900000| Untracked 
|  34|0x00000000c2a00000, 0x00000000c2a00000, 0x00000000c2b00000|  0%| F|  |TAMS 0x00000000c2a00000, 0x00000000c2a00000| Untracked 
|  35|0x00000000c2b00000, 0x00000000c2b00000, 0x00000000c2c00000|  0%| F|  |TAMS 0x00000000c2b00000, 0x00000000c2b00000| Untracked 
|  36|0x00000000c2c00000, 0x00000000c2c00000, 0x00000000c2d00000|  0%| F|  |TAMS 0x00000000c2c00000, 0x00000000c2c00000| Untracked 
|  37|0x00000000c2d00000, 0x00000000c2d00000, 0x00000000c2e00000|  0%| F|  |TAMS 0x00000000c2d00000, 0x00000000c2d00000| Untracked 
|  38|0x00000000c2e00000, 0x00000000c2e00000, 0x00000000c2f00000|  0%| F|  |TAMS 0x00000000c2e00000, 0x00000000c2e00000| Untracked 
|  39|0x00000000c2f00000, 0x00000000c2f00000, 0x00000000c3000000|  0%| F|  |TAMS 0x00000000c2f00000, 0x00000000c2f00000| Untracked 
|  40|0x00000000c3000000, 0x00000000c3000000, 0x00000000c3100000|  0%| F|  |TAMS 0x00000000c3000000, 0x00000000c3000000| Untracked 
|  41|0x00000000c3100000, 0x00000000c3100000, 0x00000000c3200000|  0%| F|  |TAMS 0x00000000c3100000, 0x00000000c3100000| Untracked 
|  42|0x00000000c3200000, 0x00000000c3200000, 0x00000000c3300000|  0%| F|  |TAMS 0x00000000c3200000, 0x00000000c3200000| Untracked 
|  43|0x00000000c3300000, 0x00000000c3300000, 0x00000000c3400000|  0%| F|  |TAMS 0x00000000c3300000, 0x00000000c3300000| Untracked 
|  44|0x00000000c3400000, 0x00000000c3400000, 0x00000000c3500000|  0%| F|  |TAMS 0x00000000c3400000, 0x00000000c3400000| Untracked 
|  45|0x00000000c3500000, 0x00000000c3500000, 0x00000000c3600000|  0%| F|  |TAMS 0x00000000c3500000, 0x00000000c3500000| Untracked 
|  46|0x00000000c3600000, 0x00000000c3600000, 0x00000000c3700000|  0%| F|  |TAMS 0x00000000c3600000, 0x00000000c3600000| Untracked 
|  47|0x00000000c3700000, 0x00000000c3700000, 0x00000000c3800000|  0%| F|  |TAMS 0x00000000c3700000, 0x00000000c3700000| Untracked 
|  48|0x00000000c3800000, 0x00000000c3800000, 0x00000000c3900000|  0%| F|  |TAMS 0x00000000c3800000, 0x00000000c3800000| Untracked 
|  49|0x00000000c3900000, 0x00000000c3900000, 0x00000000c3a00000|  0%| F|  |TAMS 0x00000000c3900000, 0x00000000c3900000| Untracked 
|  50|0x00000000c3a00000, 0x00000000c3a00000, 0x00000000c3b00000|  0%| F|  |TAMS 0x00000000c3a00000, 0x00000000c3a00000| Untracked 
|  51|0x00000000c3b00000, 0x00000000c3b00000, 0x00000000c3c00000|  0%| F|  |TAMS 0x00000000c3b00000, 0x00000000c3b00000| Untracked 
|  52|0x00000000c3c00000, 0x00000000c3c00000, 0x00000000c3d00000|  0%| F|  |TAMS 0x00000000c3c00000, 0x00000000c3c00000| Untracked 
|  53|0x00000000c3d00000, 0x00000000c3def9a8, 0x00000000c3e00000| 93%| E|  |TAMS 0x00000000c3d00000, 0x00000000c3d00000| Complete 
|  54|0x00000000c3e00000, 0x00000000c3f00000, 0x00000000c3f00000|100%| E|CS|TAMS 0x00000000c3e00000, 0x00000000c3e00000| Complete 
|  55|0x00000000c3f00000, 0x00000000c4000000, 0x00000000c4000000|100%| E|CS|TAMS 0x00000000c3f00000, 0x00000000c3f00000| Complete 
|  56|0x00000000c4000000, 0x00000000c4100000, 0x00000000c4100000|100%| E|CS|TAMS 0x00000000c4000000, 0x00000000c4000000| Complete 
|  57|0x00000000c4100000, 0x00000000c4200000, 0x00000000c4200000|100%| E|CS|TAMS 0x00000000c4100000, 0x00000000c4100000| Complete 
|  58|0x00000000c4200000, 0x00000000c4248f80, 0x00000000c4300000| 28%| S|CS|TAMS 0x00000000c4200000, 0x00000000c4200000| Complete 
|  59|0x00000000c4300000, 0x00000000c4400000, 0x00000000c4400000|100%| E|CS|TAMS 0x00000000c4300000, 0x00000000c4300000| Complete 
|  60|0x00000000c4400000, 0x00000000c4500000, 0x00000000c4500000|100%| E|CS|TAMS 0x00000000c4400000, 0x00000000c4400000| Complete 
|  61|0x00000000c4500000, 0x00000000c4600000, 0x00000000c4600000|100%| E|CS|TAMS 0x00000000c4500000, 0x00000000c4500000| Complete 
|  62|0x00000000c4600000, 0x00000000c4700000, 0x00000000c4700000|100%| E|CS|TAMS 0x00000000c4600000, 0x00000000c4600000| Complete 
|  63|0x00000000c4700000, 0x00000000c4800000, 0x00000000c4800000|100%| E|CS|TAMS 0x00000000c4700000, 0x00000000c4700000| Complete 

Card table byte_map: [0x0000018063070000,0x0000018063270000] _byte_map_base: 0x0000018062a6c000

Marking Bits (Prev, Next): (CMBitMap*) 0x000001804ac7bcf8, (CMBitMap*) 0x000001804ac7bd30
 Prev Bits: [0x0000018063470000, 0x0000018064450000)
 Next Bits: [0x0000018064450000, 0x0000018065430000)

Polling page: 0x000001804ad30000

Metaspace:

Usage:
  Non-class:      9.29 MB capacity,     9.17 MB ( 99%) used,   101.15 KB (  1%) free+waste,    18.44 KB ( <1%) overhead. 
      Class:      1.11 MB capacity,     1.04 MB ( 94%) used,    58.09 KB (  5%) free+waste,     9.88 KB ( <1%) overhead. 
       Both:     10.40 MB capacity,    10.21 MB ( 98%) used,   159.23 KB (  1%) free+waste,    28.31 KB ( <1%) overhead. 

Virtual space:
  Non-class space:       10.00 MB reserved,       9.50 MB ( 95%) committed 
      Class space:        1.00 GB reserved,       1.13 MB ( <1%) committed 
             Both:        1.01 GB reserved,      10.63 MB (  1%) committed 

Chunk freelists:
   Non-Class:  3.50 KB
       Class:  1.75 KB
        Both:  5.25 KB

CodeHeap 'non-profiled nmethods': size=120064Kb used=278Kb max_used=278Kb free=119785Kb
 bounds [0x000001805b530000, 0x000001805b7a0000, 0x0000018062a70000]
CodeHeap 'profiled nmethods': size=120000Kb used=1633Kb max_used=1633Kb free=118366Kb
 bounds [0x0000018054000000, 0x0000018054270000, 0x000001805b530000]
CodeHeap 'non-nmethods': size=5696Kb used=1062Kb max_used=1075Kb free=4633Kb
 bounds [0x0000018053a70000, 0x0000018053ce0000, 0x0000018054000000]
 total_blobs=1296 nmethods=925 adapters=284
 compilation: enabled
              stopped_count=0, restarted_count=0
 full_count=0

Compilation events (10 events):
Event: 2.581 Thread 0x0000018067ffd000 nmethod 890 0x000001805417e290 code [0x000001805417e440, 0x000001805417e5e8]
Event: 2.581 Thread 0x0000018067ffd000  891       3       jdk.internal.loader.ClassLoaders$AppClassLoader::defineOrCheckPackage (8 bytes)
Event: 2.581 Thread 0x0000018067ffd000 nmethod 891 0x000001805417e690 code [0x000001805417e840, 0x000001805417e968]
Event: 2.581 Thread 0x0000018067ffd000  892   !   3       jdk.internal.loader.BuiltinClassLoader::defineOrCheckPackage (93 bytes)
Event: 2.583 Thread 0x0000018067ffd000 nmethod 892 0x000001805417ea10 code [0x000001805417eca0, 0x000001805417f798]
Event: 2.583 Thread 0x0000018067ffd000  893       3       jdk.internal.loader.Resource::getByteBuffer (24 bytes)
Event: 2.584 Thread 0x0000018067ffd000 nmethod 893 0x000001805417fb90 code [0x000001805417fd80, 0x00000180541804d8]
Event: 2.584 Thread 0x0000018067ffd000  894       3       java.lang.ClassLoader::postDefineClass (39 bytes)
Event: 2.584 Thread 0x0000018067ffd000 nmethod 894 0x0000018054180610 code [0x0000018054180800, 0x0000018054180b18]
Event: 2.584 Thread 0x0000018067ffd000  895       3       sun.net.util.URLUtil::urlNoFragString (114 bytes)

GC Heap History (4 events):
Event: 1.186 GC heap before
{Heap before GC invocations=0 (full 0):
 garbage-first heap   total 65536K, used 7168K [0x00000000c0800000, 0x0000000100000000)
  region size 1024K, 7 young (7168K), 0 survivors (0K)
 Metaspace       used 6542K, capacity 6636K, committed 6784K, reserved 1056768K
  class space    used 575K, capacity 595K, committed 640K, reserved 1048576K
}
Event: 1.194 GC heap after
{Heap after GC invocations=1 (full 0):
 garbage-first heap   total 65536K, used 2848K [0x00000000c0800000, 0x0000000100000000)
  region size 1024K, 1 young (1024K), 1 survivors (1024K)
 Metaspace       used 6542K, capacity 6636K, committed 6784K, reserved 1056768K
  class space    used 575K, capacity 595K, committed 640K, reserved 1048576K
}
Event: 1.662 GC heap before
{Heap before GC invocations=1 (full 0):
 garbage-first heap   total 65536K, used 7968K [0x00000000c0800000, 0x0000000100000000)
  region size 1024K, 6 young (6144K), 1 survivors (1024K)
 Metaspace       used 8042K, capacity 8177K, committed 8320K, reserved 1056768K
  class space    used 768K, capacity 813K, committed 896K, reserved 1048576K
}
Event: 1.668 GC heap after
{Heap after GC invocations=2 (full 0):
 garbage-first heap   total 65536K, used 3147K [0x00000000c0800000, 0x0000000100000000)
  region size 1024K, 1 young (1024K), 1 survivors (1024K)
 Metaspace       used 8042K, capacity 8177K, committed 8320K, reserved 1056768K
  class space    used 768K, capacity 813K, committed 896K, reserved 1048576K
}

Deoptimization events (10 events):
Event: 1.676 Thread 0x000001804ac51800 Uncommon trap: reason=unstable_if action=reinterpret pc=0x000001805b553bfc method=jdk.internal.loader.URLClassPath.getLoader(I)Ljdk/internal/loader/URLClassPath$Loader; @ 19 c2
Event: 2.191 Thread 0x000001804ac51800 Uncommon trap: reason=unstable_if action=reinterpret pc=0x000001805b53eabc method=sun.nio.fs.WindowsPathParser.isSlash(C)Z @ 9 c2
Event: 2.304 Thread 0x000001804ac51800 Uncommon trap: reason=unstable_if action=reinterpret pc=0x000001805b54bd80 method=java.lang.String.startsWith(Ljava/lang/String;I)Z @ 46 c2
Event: 2.331 Thread 0x000001804ac51800 Uncommon trap: reason=unstable_if action=reinterpret pc=0x000001805b53a860 method=java.io.WinNTFileSystem.isSlash(C)Z @ 9 c2
Event: 2.333 Thread 0x000001804ac51800 Uncommon trap: reason=bimorphic_or_optimized_type_check action=maybe_recompile pc=0x000001805b5576f4 method=java.util.HashMap.getNode(ILjava/lang/Object;)Ljava/util/HashMap$Node; @ 126 c2
Event: 2.334 Thread 0x000001804ac51800 Uncommon trap: reason=unstable_if action=reinterpret pc=0x000001805b554268 method=java.util.jar.JarFile.checkForSpecialAttributes()V @ 4 c2
Event: 2.498 Thread 0x000001804ac51800 Uncommon trap: reason=bimorphic_or_optimized_type_check action=maybe_recompile pc=0x000001805b5576f4 method=java.util.HashMap.getNode(ILjava/lang/Object;)Ljava/util/HashMap$Node; @ 126 c2
Event: 2.541 Thread 0x000001804ac51800 Uncommon trap: reason=unstable_if action=reinterpret pc=0x000001805b569580 method=java.lang.StringUTF16.compress([CI[BII)I @ 20 c2
Event: 2.545 Thread 0x000001804ac51800 Uncommon trap: reason=unstable_if action=reinterpret pc=0x000001805b537a34 method=java.lang.StringLatin1.canEncode(I)Z @ 4 c2
Event: 2.546 Thread 0x000001804ac51800 Uncommon trap: reason=unstable_if action=reinterpret pc=0x000001805b54f8f8 method=java.lang.AbstractStringBuilder.isLatin1()Z @ 10 c2

Classes redefined (0 events):
No events

Internal exceptions (10 events):
Event: 1.708 Thread 0x000001804ac51800 Exception <a 'java/lang/NoSuchMethodError'{0x00000000c4719758}: java.lang.invoke.DirectMethodHandle$Holder.invokeInterface(Ljava/lang/Object;Ljava/lang/Object;Ljava/lang/Object;)Ljava/lang/Object;> (0x00000000c4719758) thrown at [./open/src/hotspot/share/
Event: 1.725 Thread 0x000001804ac51800 Exception <a 'java/lang/NoSuchMethodError'{0x00000000c475fd48}: java.lang.invoke.DirectMethodHandle$Holder.invokeStaticInit(Ljava/lang/Object;Ljava/lang/Object;)I> (0x00000000c475fd48) thrown at [./open/src/hotspot/share/interpreter/linkResolver.cpp, line
Event: 1.732 Thread 0x000001804ac51800 Exception <a 'java/lang/NoSuchMethodError'{0x00000000c476c360}: java.lang.invoke.DirectMethodHandle$Holder.invokeSpecialIFC(Ljava/lang/Object;Ljava/lang/Object;Ljava/lang/Object;Ljava/lang/Object;)Ljava/lang/Object;> (0x00000000c476c360) thrown at [./open
Event: 1.851 Thread 0x000001804ac51800 Exception <a 'java/lang/NoSuchMethodError'{0x00000000c4690928}: java.lang.invoke.DirectMethodHandle$Holder.invokeInterface(Ljava/lang/Object;Ljava/lang/Object;)I> (0x00000000c4690928) thrown at [./open/src/hotspot/share/interpreter/linkResolver.cpp, line 
Event: 1.886 Thread 0x000001804ac51800 Exception <a 'java/lang/NoSuchMethodError'{0x00000000c45201c0}: java.lang.invoke.DirectMethodHandle$Holder.invokeSpecialIFC(Ljava/lang/Object;Ljava/lang/Object;I)I> (0x00000000c45201c0) thrown at [./open/src/hotspot/share/interpreter/linkResolver.cpp, lin
Event: 2.175 Thread 0x000001804ac51800 Exception <a 'java/lang/NoSuchMethodError'{0x00000000c4364460}: java.lang.invoke.Invokers$Holder.linkToTargetMethod(Ljava/lang/Object;Ljava/lang/Object;Ljava/lang/Object;Ljava/lang/Object;Ljava/lang/Object;Ljava/lang/Object;)Ljava/lang/Object;> (0x0000000
Event: 2.180 Thread 0x000001804ac51800 Exception <a 'java/lang/NoSuchMethodError'{0x00000000c437eae8}: java.lang.invoke.DirectMethodHandle$Holder.invokeStaticInit(Ljava/lang/Object;)V> (0x00000000c437eae8) thrown at [./open/src/hotspot/share/interpreter/linkResolver.cpp, line 772]
Event: 2.193 Thread 0x000001804ac51800 Exception <a 'sun/nio/fs/WindowsException'{0x00000000c4383d40}> (0x00000000c4383d40) thrown at [./open/src/hotspot/share/prims/jni.cpp, line 611]
Event: 2.200 Thread 0x000001804ac51800 Exception <a 'java/lang/NoSuchMethodError'{0x00000000c439b038}: java.lang.invoke.Invokers$Holder.linkToTargetMethod(Ljava/lang/Object;Ljava/lang/Object;Ljava/lang/Object;Ljava/lang/Object;Ljava/lang/Object;Ljava/lang/Object;Ljava/lang/Object;)Ljava/lang/O
Event: 2.233 Thread 0x000001804ac51800 Exception <a 'java/lang/NoSuchMethodError'{0x00000000c43ae6e0}: java.lang.invoke.DirectMethodHandle$Holder.invokeSpecialIFC(Ljava/lang/Object;Ljava/lang/Object;Ljava/lang/Object;Ljava/lang/Object;Ljava/lang/Object;)Ljava/lang/Object;> (0x00000000c43ae6e0)

Events (10 events):
Event: 2.580 loading class java/util/AbstractSequentialList done
Event: 2.580 loading class java/util/LinkedList done
Event: 2.580 loading class io/cucumber/gherkin/Parser$2
Event: 2.580 loading class io/cucumber/gherkin/Parser$2 done
Event: 2.582 loading class io/cucumber/gherkin/Location
Event: 2.582 loading class io/cucumber/gherkin/Location done
Event: 2.583 loading class io/cucumber/gherkin/Token
Event: 2.583 loading class io/cucumber/gherkin/Token done
Event: 2.585 loading class io/cucumber/gherkin/GherkinLine
Event: 2.585 loading class io/cucumber/gherkin/GherkinLine done


Dynamic libraries:
0x00007ff64bde0000 - 0x00007ff64bdef000 	C:\Program Files\Java\jdk-11.0.13\bin\javaw.exe
0x00007ffb35790000 - 0x00007ffb35988000 	C:\Windows\SYSTEM32\ntdll.dll
0x00007ffb35690000 - 0x00007ffb3574d000 	C:\Windows\System32\KERNEL32.DLL
0x00007ffb33360000 - 0x00007ffb33656000 	C:\Windows\System32\KERNELBASE.dll
0x00007ffb33660000 - 0x00007ffb33760000 	C:\Windows\System32\ucrtbase.dll
0x00007ffb2e990000 - 0x00007ffb2e9a5000 	C:\Program Files\Java\jdk-11.0.13\bin\VCRUNTIME140.dll
0x00007ffb1c8b0000 - 0x00007ffb1c8c8000 	C:\Program Files\Java\jdk-11.0.13\bin\jli.dll
0x00007ffb35480000 - 0x00007ffb3552f000 	C:\Windows\System32\ADVAPI32.dll
0x00007ffb34f40000 - 0x00007ffb34fde000 	C:\Windows\System32\msvcrt.dll
0x00007ffb34940000 - 0x00007ffb349dc000 	C:\Windows\System32\sechost.dll
0x00007ffb34810000 - 0x00007ffb34936000 	C:\Windows\System32\RPCRT4.dll
0x00007ffb343f0000 - 0x00007ffb3458e000 	C:\Windows\System32\USER32.dll
0x00007ffb33020000 - 0x00007ffb33042000 	C:\Windows\System32\win32u.dll
0x00007ffb35660000 - 0x00007ffb3568c000 	C:\Windows\System32\GDI32.dll
0x00007ffb33050000 - 0x00007ffb3316a000 	C:\Windows\System32\gdi32full.dll
0x00007ffb332c0000 - 0x00007ffb3335d000 	C:\Windows\System32\msvcp_win.dll
0x00007ffb2a4b0000 - 0x00007ffb2a74a000 	C:\Windows\WinSxS\amd64_microsoft.windows.common-controls_6595b64144ccf1df_6.0.19041.3636_none_60b6a03d71f818d5\COMCTL32.dll
0x00007ffb28520000 - 0x00007ffb2852a000 	C:\Windows\SYSTEM32\VERSION.dll
0x00007ffb35450000 - 0x00007ffb35480000 	C:\Windows\System32\IMM32.DLL
0x00007ffb16d00000 - 0x00007ffb16d9b000 	C:\Program Files\Java\jdk-11.0.13\bin\msvcp140.dll
0x00007ffaf76a0000 - 0x00007ffaf81b3000 	C:\Program Files\Java\jdk-11.0.13\bin\server\jvm.dll
0x00007ffb34750000 - 0x00007ffb34758000 	C:\Windows\System32\PSAPI.DLL
0x00007ffb1fda0000 - 0x00007ffb1fda9000 	C:\Windows\SYSTEM32\WSOCK32.dll
0x00007ffb338d0000 - 0x00007ffb3393b000 	C:\Windows\System32\WS2_32.dll
0x00007ffb18240000 - 0x00007ffb18267000 	C:\Windows\SYSTEM32\WINMM.dll
0x00007ffb30c50000 - 0x00007ffb30c62000 	C:\Windows\SYSTEM32\kernel.appcore.dll
0x00007ffb1fa20000 - 0x00007ffb1fa30000 	C:\Program Files\Java\jdk-11.0.13\bin\verify.dll
0x00007ffb1e470000 - 0x00007ffb1e654000 	C:\Windows\SYSTEM32\DBGHELP.DLL
0x00007ffb2d9e0000 - 0x00007ffb2da14000 	C:\Windows\SYSTEM32\dbgcore.DLL
0x00007ffb33760000 - 0x00007ffb337e2000 	C:\Windows\System32\bcryptPrimitives.dll
0x00007ffb1a810000 - 0x00007ffb1a838000 	C:\Program Files\Java\jdk-11.0.13\bin\java.dll
0x00007ffb1e940000 - 0x00007ffb1e94a000 	C:\Program Files\Java\jdk-11.0.13\bin\jimage.dll
0x00007ffb1c890000 - 0x00007ffb1c8a6000 	C:\Program Files\Java\jdk-11.0.13\bin\zip.dll
0x00007ffb33940000 - 0x00007ffb34084000 	C:\Windows\System32\SHELL32.dll
0x00007ffb30f30000 - 0x00007ffb316cb000 	C:\Windows\SYSTEM32\windows.storage.dll
0x00007ffb34090000 - 0x00007ffb343e4000 	C:\Windows\System32\combase.dll
0x00007ffb327e0000 - 0x00007ffb3280d000 	C:\Windows\SYSTEM32\Wldp.dll
0x00007ffb346a0000 - 0x00007ffb3474d000 	C:\Windows\System32\SHCORE.dll
0x00007ffb34d00000 - 0x00007ffb34d55000 	C:\Windows\System32\shlwapi.dll
0x00007ffb32da0000 - 0x00007ffb32dc5000 	C:\Windows\SYSTEM32\profapi.dll
0x00007ffb1a030000 - 0x00007ffb1a049000 	C:\Program Files\Java\jdk-11.0.13\bin\net.dll
0x00007ffb288c0000 - 0x00007ffb289ca000 	C:\Windows\SYSTEM32\WINHTTP.dll
0x00007ffb32540000 - 0x00007ffb325aa000 	C:\Windows\system32\mswsock.dll
0x00007ffb183d0000 - 0x00007ffb183e2000 	C:\Program Files\Java\jdk-11.0.13\bin\nio.dll
0x00007ffb32740000 - 0x00007ffb32758000 	C:\Windows\SYSTEM32\CRYPTSP.dll
0x00007ffb31e70000 - 0x00007ffb31ea4000 	C:\Windows\system32\rsaenh.dll
0x00007ffb33170000 - 0x00007ffb33197000 	C:\Windows\System32\bcrypt.dll
0x00007ffb32d20000 - 0x00007ffb32d4e000 	C:\Windows\SYSTEM32\USERENV.dll
0x00007ffb32730000 - 0x00007ffb3273c000 	C:\Windows\SYSTEM32\CRYPTBASE.dll
0x00007ffb32230000 - 0x00007ffb3226b000 	C:\Windows\SYSTEM32\IPHLPAPI.DLL
0x00007ffb355f0000 - 0x00007ffb355f8000 	C:\Windows\System32\NSI.dll
0x00007ffb2af00000 - 0x00007ffb2af17000 	C:\Windows\SYSTEM32\dhcpcsvc6.DLL
0x00007ffb2ae30000 - 0x00007ffb2ae4d000 	C:\Windows\SYSTEM32\dhcpcsvc.DLL
0x00007ffb322d0000 - 0x00007ffb3239a000 	C:\Windows\SYSTEM32\DNSAPI.dll

dbghelp: loaded successfully - version: 4.0.5 - missing functions: none
symbol engine: initialized successfully - sym options: 0x614 - pdb path: .;C:\Program Files\Java\jdk-11.0.13\bin;C:\Windows\SYSTEM32;C:\Windows\WinSxS\amd64_microsoft.windows.common-controls_6595b64144ccf1df_6.0.19041.3636_none_60b6a03d71f818d5;C:\Program Files\Java\jdk-11.0.13\bin\server

VM Arguments:
jvm_args: -ea -Dfile.encoding=Cp1252 
java_command: org.eclipse.jdt.internal.junit.runner.RemoteTestRunner -version 3 -port 52491 -testLoaderClass org.eclipse.jdt.internal.junit4.runner.JUnit4TestLoader -loaderpluginname org.eclipse.jdt.junit4.runtime -classNames runner.ExecutaTeste
java_class_path (initial): C:\Users\universo\eclipse-workspace\cadastrar.conta\target\test-classes;C:\Users\universo\eclipse-workspace\cadastrar.conta\target\classes;C:\Users\universo\.m2\repository\org\seleniumhq\selenium\selenium-java\4.15.0\selenium-java-4.15.0.jar;C:\Users\universo\.m2\repository\org\seleniumhq\selenium\selenium-api\4.15.0\selenium-api-4.15.0.jar;C:\Users\universo\.m2\repository\org\seleniumhq\selenium\selenium-chrome-driver\4.15.0\selenium-chrome-driver-4.15.0.jar;C:\Users\universo\.m2\repository\com\google\auto\service\auto-service-annotations\1.1.1\auto-service-annotations-1.1.1.jar;C:\Users\universo\.m2\repository\org\seleniumhq\selenium\selenium-chromium-driver\4.15.0\selenium-chromium-driver-4.15.0.jar;C:\Users\universo\.m2\repository\org\seleniumhq\selenium\selenium-json\4.15.0\selenium-json-4.15.0.jar;C:\Users\universo\.m2\repository\org\seleniumhq\selenium\selenium-manager\4.15.0\selenium-manager-4.15.0.jar;C:\Users\universo\.m2\repository\org\seleniumhq\selenium\selenium-devtools-v117\4.15.0\selenium-devtools-v117-4.15.0.jar;C:\Users\universo\.m2\repository\org\seleniumhq\selenium\selenium-devtools-v118\4.15.0\selenium-devtools-v118-4.15.0.jar;C:\Users\universo\.m2\repository\org\seleniumhq\selenium\selenium-devtools-v119\4.15.0\selenium-devtools-v119-4.15.0.jar;C:\Users\universo\.m2\repository\org\seleniumhq\selenium\selenium-devtools-v85\4.15.0\selenium-devtools-v85-4.15.0.jar;C:\Users\universo\.m2\repository\org\seleniumhq\selenium\selenium-edge-driver\4.15.0\selenium-edge-driver-4.15.0.jar;C:\Users\universo\.m2\repository\org\seleniumhq\selenium\selenium-firefox-driver\4.15.0\selenium-firefox-driver-4.15.0.jar;C:\Users\universo\.m2\repository\org\seleniumhq\selenium\selenium-http\4.15.0\selenium-http-4.15.0.jar;C:\Users\universo\.m2\repository\dev\failsafe\failsafe\3.3.2\failsafe-3.3.2.jar;C:\Users\universo\.m2\repository\org\seleniumhq\selenium\selenium-ie-driver\4.15.0\selenium-ie-driver-4.15.0.jar;C:\Users\universo\.m2\reposit
Launcher Type: SUN_STANDARD

[Global flags]
     intx CICompilerCount                          = 2                                         {product} {ergonomic}
     uint ConcGCThreads                            = 1                                         {product} {ergonomic}
     uint G1ConcRefinementThreads                  = 2                                         {product} {ergonomic}
   size_t G1HeapRegionSize                         = 1048576                                   {product} {ergonomic}
    uintx GCDrainStackTargetSize                   = 64                                        {product} {ergonomic}
   size_t InitialHeapSize                          = 67108864                                  {product} {ergonomic}
   size_t MarkStackSize                            = 4194304                                   {product} {ergonomic}
   size_t MaxHeapSize                              = 1065353216                                {product} {ergonomic}
   size_t MaxNewSize                               = 638582784                                 {product} {ergonomic}
   size_t MinHeapDeltaBytes                        = 1048576                                   {product} {ergonomic}
    uintx NonNMethodCodeHeapSize                   = 5825164                                {pd product} {ergonomic}
    uintx NonProfiledCodeHeapSize                  = 122916538                              {pd product} {ergonomic}
    uintx ProfiledCodeHeapSize                     = 122916538                              {pd product} {ergonomic}
    uintx ReservedCodeCacheSize                    = 251658240                              {pd product} {ergonomic}
     bool SegmentedCodeCache                       = true                                      {product} {ergonomic}
     bool UseCompressedClassPointers               = true                                 {lp64_product} {ergonomic}
     bool UseCompressedOops                        = true                                 {lp64_product} {ergonomic}
     bool UseG1GC                                  = true                                      {product} {ergonomic}
     bool UseLargePagesIndividualAllocation        = false                                  {pd product} {ergonomic}

Logging:
Log output configuration:
 #0: stdout all=warning uptime,level,tags
 #1: stderr all=off uptime,level,tags

Environment Variables:
PATH=C:\Program Files\Common Files\Oracle\Java\javapath;C:\Windows\system32;C:\Windows;C:\Windows\System32\Wbem;C:\Windows\System32\WindowsPowerShell\v1.0\;C:\Windows\System32\OpenSSH\;C:\Program Files\Git\cmd;C:\Program Files\Java\apache-maven-3.8.6\bin;C:\Users\universo\AppData\Local\Microsoft\WindowsApps;;C:\Users\universo\AppData\Local\Programs\Microsoft VS Code\bin
USERNAME=universo
OS=Windows_NT
PROCESSOR_IDENTIFIER=Intel64 Family 6 Model 23 Stepping 10, GenuineIntel



---------------  S Y S T E M  ---------------

OS: Windows 10 , 64 bit Build 19041 (10.0.19041.3636)

CPU:total 2 (initial active 2) (2 cores per cpu, 1 threads per core) family 6 model 23 stepping 10 microcode 0xa0c, cmov, cx8, fxsr, mmx, sse, sse2, sse3, ssse3, tsc

Memory: 4k page, system-wide physical 4058M (695M free)
TotalPageFile size 5914M (AvailPageFile size 1972M)
current process WorkingSet (physical memory assigned to process): 62M, peak: 62M
current process commit charge ("private bytes"): 142M, peak: 142M

vm_info: Java HotSpot(TM) 64-Bit Server VM (11.0.13+10-LTS-370) for windows-amd64 JRE (11.0.13+10-LTS-370), built on Sep 15 2021 22:10:36 by "mach5one" with MS VC++ 15.9 (VS2017)

END.
